<?xml version="1.0" encoding="UTF-8"?>
<!-- Generated by org.testng.reporters.JUnitReportReporter -->
<testsuite ignored="14" hostname="G10GGNLT065" failures="0" tests="5" name="com.arc.testCases.Project.BuildingPageTest" time="0.000" errors="0" timestamp="03 Jun 2021 11:12:00 GMT" skipped="5">
  <testcase classname="com.arc.testCases.Project.BuildingPageTest" name="Building_PerformanceCertificate_Download_Invoice_Receipt" time="0.000">
    <skipped/>
  </testcase> <!-- Building_PerformanceCertificate_Download_Invoice_Receipt -->
  <testcase classname="com.arc.testCases.Project.BuildingPageTest" name="Building_LEEDIDProject_Download_Invoice" time="0.000">
    <skipped/>
  </testcase> <!-- Building_LEEDIDProject_Download_Invoice -->
  <testcase classname="com.arc.testCases.Project.BuildingPageTest" name="Building_Recertification_Download_Invoice" time="0.000">
    <skipped/>
  </testcase> <!-- Building_Recertification_Download_Invoice -->
  <testcase classname="com.arc.testCases.Project.BuildingPageTest" name="Building_Agreement_Display" time="0.000">
    <skipped/>
  </testcase> <!-- Building_Agreement_Display -->
  <testcase classname="com.arc.testCases.Project.BuildingPageTest" name="Building_Agreement_Download" time="0.000">
    <skipped/>
  </testcase> <!-- Building_Agreement_Download -->
  <testcase classname="com.arc.testBase.BaseClass" name="initializtion">
    <skipped/>
  </testcase> <!-- initializtion -->
  <testcase classname="com.arc.testBase.BaseClass" name="initializtion">
    <skipped/>
  </testcase> <!-- initializtion -->
  <testcase classname="com.arc.testBase.BaseClass" name="initializtion">
    <skipped/>
  </testcase> <!-- initializtion -->
  <testcase classname="com.arc.testBase.BaseClass" name="initializtion">
    <skipped/>
  </testcase> <!-- initializtion -->
  <testcase classname="com.arc.testBase.BaseClass" name="initializtion">
    <skipped/>
  </testcase> <!-- initializtion -->
  <testcase classname="com.arc.testBase.BaseClass" name="initializtion">
    <skipped/>
  </testcase> <!-- initializtion -->
  <testcase classname="com.arc.testBase.BaseClass" name="initializtion">
    <skipped/>
  </testcase> <!-- initializtion -->
  <testcase classname="com.arc.testBase.BaseClass" name="closeBrowser">
    <skipped/>
  </testcase> <!-- closeBrowser -->
  <testcase classname="com.arc.testBase.BaseClass" name="closeBrowser">
    <skipped/>
  </testcase> <!-- closeBrowser -->
  <testcase classname="com.arc.testBase.BaseClass" name="closeBrowser">
    <skipped/>
  </testcase> <!-- closeBrowser -->
  <testcase classname="com.arc.testBase.BaseClass" name="closeBrowser">
    <skipped/>
  </testcase> <!-- closeBrowser -->
  <testcase classname="com.arc.testBase.BaseClass" name="closeBrowser">
    <skipped/>
  </testcase> <!-- closeBrowser -->
  <testcase classname="com.arc.testBase.BaseClass" name="closeBrowser">
    <skipped/>
  </testcase> <!-- closeBrowser -->
  <testcase classname="com.arc.testBase.BaseClass" name="closeBrowser">
    <skipped/>
  </testcase> <!-- closeBrowser -->
</testsuite> <!-- com.arc.testCases.Project.BuildingPageTest -->
