<?xml version="1.0" encoding="UTF-8"?>
<!-- Generated by org.testng.reporters.JUnitReportReporter -->
<testsuite hostname="LAPTOP-FV5T2F4P" failures="0" tests="1" name="com.arc.testCases.Building.ProjectPageTest" time="49.018" errors="0" timestamp="2021-05-19T18:43:20 IST" skipped="0">
  <testcase classname="com.arc.testCases.Building.ProjectPageTest" name="CheckProjectListed" time="49.018"/>
  <system-out/>
</testsuite> <!-- com.arc.testCases.Building.ProjectPageTest -->
