<?xml version="1.0" encoding="UTF-8"?>
<!-- Generated by org.testng.reporters.JUnitReportReporter -->
<testsuite ignored="21" hostname="G10GGNLT065" failures="0" tests="7" name="com.arc.testCases.Project.BuildingPageTest" time="242.708" errors="0" timestamp="22 Jun 2021 23:43:19 GMT" skipped="0">
  <testcase classname="com.arc.testCases.Project.BuildingPageTest" name="Building_PerformanceCertificate_Download_Invoice_Receipt" time="51.723"/>
  <testcase classname="com.arc.testCases.Project.BuildingPageTest" name="Building_Agreement_Download" time="27.111"/>
  <testcase classname="com.arc.testCases.Project.BuildingPageTest" name="Building_Team_Delete_Member" time="37.844"/>
  <testcase classname="com.arc.testCases.Project.BuildingPageTest" name="Building_Team_Add_Member" time="53.362"/>
  <testcase classname="com.arc.testCases.Project.BuildingPageTest" name="Building_Agreement_Display" time="16.101"/>
  <testcase classname="com.arc.testCases.Project.BuildingPageTest" name="Building_LEEDIDProject_Download_Invoice" time="27.393"/>
  <testcase classname="com.arc.testCases.Project.BuildingPageTest" name="Building_Recertification_Download_Invoice" time="29.174"/>
  <testcase classname="com.arc.testCases.HomePageTest" name="Check_Add_A_Project">
    <skipped/>
  </testcase> <!-- Check_Add_A_Project -->
  <testcase classname="com.arc.testBase.BaseClass" name="initializtion">
    <skipped/>
  </testcase> <!-- initializtion -->
  <testcase classname="com.arc.testBase.BaseClass" name="initializtion">
    <skipped/>
  </testcase> <!-- initializtion -->
  <testcase classname="com.arc.testBase.BaseClass" name="initializtion">
    <skipped/>
  </testcase> <!-- initializtion -->
  <testcase classname="com.arc.testBase.BaseClass" name="initializtion">
    <skipped/>
  </testcase> <!-- initializtion -->
  <testcase classname="com.arc.testBase.BaseClass" name="initializtion">
    <skipped/>
  </testcase> <!-- initializtion -->
  <testcase classname="com.arc.testBase.BaseClass" name="initializtion">
    <skipped/>
  </testcase> <!-- initializtion -->
  <testcase classname="com.arc.testBase.BaseClass" name="initializtion">
    <skipped/>
  </testcase> <!-- initializtion -->
  <testcase classname="com.arc.testBase.BaseClass" name="closeBrowser">
    <skipped/>
  </testcase> <!-- closeBrowser -->
  <testcase classname="com.arc.testBase.BaseClass" name="closeBrowser">
    <skipped/>
  </testcase> <!-- closeBrowser -->
  <testcase classname="com.arc.testBase.BaseClass" name="closeBrowser">
    <skipped/>
  </testcase> <!-- closeBrowser -->
  <testcase classname="com.arc.testBase.BaseClass" name="closeBrowser">
    <skipped/>
  </testcase> <!-- closeBrowser -->
  <testcase classname="com.arc.testBase.BaseClass" name="closeBrowser">
    <skipped/>
  </testcase> <!-- closeBrowser -->
  <testcase classname="com.arc.testBase.BaseClass" name="closeBrowser">
    <skipped/>
  </testcase> <!-- closeBrowser -->
  <testcase classname="com.arc.testBase.BaseClass" name="closeBrowser">
    <skipped/>
  </testcase> <!-- closeBrowser -->
  <testcase classname="com.arc.testCases.Project.CityPageTest" name="City_ProjectSetting_ProjectArea_Add_Row">
    <skipped/>
  </testcase> <!-- City_ProjectSetting_ProjectArea_Add_Row -->
  <testcase classname="com.arc.testCases.Project.CityPageTest" name="City_DI_ProjectSetting_Population_Add_Row">
    <skipped/>
  </testcase> <!-- City_DI_ProjectSetting_Population_Add_Row -->
  <testcase classname="com.arc.testCases.Project.CityPageTest" name="City_Population_Field_Comma_Display">
    <skipped/>
  </testcase> <!-- City_Population_Field_Comma_Display -->
  <testcase classname="com.arc.testCases.Project.CityPageTest" name="City_AddRowInEnergy">
    <skipped/>
  </testcase> <!-- City_AddRowInEnergy -->
  <testcase classname="com.arc.testCases.Project.CityPageTest" name="City_Project_Area_GrossArea_SquareMiles_Display">
    <skipped/>
  </testcase> <!-- City_Project_Area_GrossArea_SquareMiles_Display -->
  <testcase classname="com.arc.testCases.Project.CityPageTest" name="City_ProjectSetting_Population_Save_Row_DecadeCalender_Display">
    <skipped/>
  </testcase> <!-- City_ProjectSetting_Population_Save_Row_DecadeCalender_Display -->
</testsuite> <!-- com.arc.testCases.Project.BuildingPageTest -->
