<?xml version="1.0" encoding="UTF-8"?>
<!-- Generated by org.testng.reporters.JUnitReportReporter -->
<testsuite ignored="15" hostname="G10GGNLT065" failures="0" tests="4" name="com.arc.testCases.Project.BuildingPageTest" time="98.109" errors="0" timestamp="31 May 2021 11:50:07 GMT" skipped="0">
  <testcase classname="com.arc.testCases.Project.BuildingPageTest" name="Building_Agreement_Download" time="22.174"/>
  <testcase classname="com.arc.testCases.Project.BuildingPageTest" name="Building_LEEDIDProject_Download_Invoice" time="22.415"/>
  <testcase classname="com.arc.testCases.Project.BuildingPageTest" name="Building_PerformanceCertificate_Download_Invoice_Receipt" time="40.348"/>
  <testcase classname="com.arc.testCases.Project.BuildingPageTest" name="Building_Agreement_Display" time="13.172"/>
  <testcase classname="com.arc.testBase.BaseClass" name="initializtion">
    <skipped/>
  </testcase> <!-- initializtion -->
  <testcase classname="com.arc.testBase.BaseClass" name="initializtion">
    <skipped/>
  </testcase> <!-- initializtion -->
  <testcase classname="com.arc.testBase.BaseClass" name="initializtion">
    <skipped/>
  </testcase> <!-- initializtion -->
  <testcase classname="com.arc.testBase.BaseClass" name="initializtion">
    <skipped/>
  </testcase> <!-- initializtion -->
  <testcase classname="com.arc.testBase.BaseClass" name="initializtion">
    <skipped/>
  </testcase> <!-- initializtion -->
  <testcase classname="com.arc.testBase.BaseClass" name="initializtion">
    <skipped/>
  </testcase> <!-- initializtion -->
  <testcase classname="com.arc.testBase.BaseClass" name="initializtion">
    <skipped/>
  </testcase> <!-- initializtion -->
  <testcase classname="com.arc.testBase.BaseClass" name="closeBrowser">
    <skipped/>
  </testcase> <!-- closeBrowser -->
  <testcase classname="com.arc.testBase.BaseClass" name="closeBrowser">
    <skipped/>
  </testcase> <!-- closeBrowser -->
  <testcase classname="com.arc.testBase.BaseClass" name="closeBrowser">
    <skipped/>
  </testcase> <!-- closeBrowser -->
  <testcase classname="com.arc.testBase.BaseClass" name="closeBrowser">
    <skipped/>
  </testcase> <!-- closeBrowser -->
  <testcase classname="com.arc.testBase.BaseClass" name="closeBrowser">
    <skipped/>
  </testcase> <!-- closeBrowser -->
  <testcase classname="com.arc.testBase.BaseClass" name="closeBrowser">
    <skipped/>
  </testcase> <!-- closeBrowser -->
  <testcase classname="com.arc.testBase.BaseClass" name="closeBrowser">
    <skipped/>
  </testcase> <!-- closeBrowser -->
  <testcase classname="com.arc.testCases.LoginPageTest" name="LoginPageTitleTest">
    <skipped/>
  </testcase> <!-- LoginPageTitleTest -->
</testsuite> <!-- com.arc.testCases.Project.BuildingPageTest -->
