<?xml version="1.0" encoding="UTF-8"?>
<!-- Generated by org.testng.reporters.JUnitReportReporter -->
<testsuite ignored="109" hostname="DESKTOP-9Q0OFG6" failures="0" tests="10" name="com.arc.testCases.ProjectRegistrationPageTest" time="282.163" errors="0" timestamp="12 May 2022 01:41:25 GMT" skipped="0">
  <testcase classname="com.arc.testCases.ProjectRegistrationPageTest" name="ProjectRegistration_SchoolsGrossArea_Invalid_1904515_SQ_MT" time="13.565"/>
  <testcase classname="com.arc.testCases.ProjectRegistrationPageTest" name="ProjectRegistration_SchoolGrossArea_Valid_20499999_SQ_Feet" time="64.094"/>
  <testcase classname="com.arc.testCases.ProjectRegistrationPageTest" name="ProjectRegistration_SchoolsGrossArea_Invalid_20500000_SQ_Feet" time="12.881"/>
  <testcase classname="com.arc.testCases.ProjectRegistrationPageTest" name="School_Project_Creation_Opens_Overview_Screen" time="27.461"/>
  <testcase classname="com.arc.testCases.ProjectRegistrationPageTest" name="ProjectName_With_Valid_SpecialCharacters" time="52.411"/>
  <testcase classname="com.arc.testCases.ProjectRegistrationPageTest" name="ProjectRegistration_SchoolsGrossArea_Valid_1904514_SQ_MT" time="62.963"/>
  <testcase classname="com.arc.testCases.ProjectRegistrationPageTest" name="ProjectName_With_Invalid_SpecialCharacters" time="1.093"/>
  <testcase classname="com.arc.testCases.ProjectRegistrationPageTest" name="SchoolRegistration_Check_AddButton_Disabled" time="18.860"/>
  <testcase classname="com.arc.testCases.ProjectRegistrationPageTest" name="ProjectRegistration_School_OwnerOrganization_AutoSuggestion" time="14.982"/>
  <testcase classname="com.arc.testCases.ProjectRegistrationPageTest" name="SchoolRegistration_InvalidEmailCheck" time="13.853"/>
  <testcase classname="com.arc.testCases.Project.SchoolPageTest" name="School_LEEDProject_DownloadInvoice">
    <skipped/>
  </testcase> <!-- School_LEEDProject_DownloadInvoice -->
  <testcase classname="com.arc.testCases.Project.SchoolPageTest" name="School_Team_Add_Member">
    <skipped/>
  </testcase> <!-- School_Team_Add_Member -->
  <testcase classname="com.arc.testCases.Project.SchoolPageTest" name="School_Agreement_Download">
    <skipped/>
  </testcase> <!-- School_Agreement_Download -->
  <testcase classname="com.arc.testCases.Project.SchoolPageTest" name="School_PerformanceCertificate_Download_Invoice_Receipt">
    <skipped/>
  </testcase> <!-- School_PerformanceCertificate_Download_Invoice_Receipt -->
  <testcase classname="com.arc.testCases.Project.SchoolPageTest" name="School_Team_Delete_Member">
    <skipped/>
  </testcase> <!-- School_Team_Delete_Member -->
  <testcase classname="com.arc.testCases.Project.SchoolPageTest" name="School_Agreement_Display">
    <skipped/>
  </testcase> <!-- School_Agreement_Display -->
  <testcase classname="com.arc.testBase.BaseClass" name="initializtion">
    <skipped/>
  </testcase> <!-- initializtion -->
  <testcase classname="com.arc.testBase.BaseClass" name="initializtion">
    <skipped/>
  </testcase> <!-- initializtion -->
  <testcase classname="com.arc.testBase.BaseClass" name="initializtion">
    <skipped/>
  </testcase> <!-- initializtion -->
  <testcase classname="com.arc.testCases.HomePageTest" name="EssentialUser_Download_Invoice">
    <skipped/>
  </testcase> <!-- EssentialUser_Download_Invoice -->
  <testcase classname="com.arc.testCases.HomePageTest" name="Login_To_Insight">
    <skipped/>
  </testcase> <!-- Login_To_Insight -->
  <testcase classname="com.arc.testCases.HomePageTest" name="Check_Add_A_Project">
    <skipped/>
  </testcase> <!-- Check_Add_A_Project -->
  <testcase classname="com.arc.testCases.HomePageTest" name="Logout_Test">
    <skipped/>
  </testcase> <!-- Logout_Test -->
  <testcase classname="com.arc.testCases.ProjectRegistrationPageTest" name="ProjectRegistration_LEED_Regis_Shows_RegisterforLEEDcertification_NotNow">
    <skipped/>
  </testcase> <!-- ProjectRegistration_LEED_Regis_Shows_RegisterforLEEDcertification_NotNow -->
  <testcase classname="com.arc.testCases.ProjectRegistrationPageTest" name="City_Project_Creation_ValidateProjectDetails">
    <skipped/>
  </testcase> <!-- City_Project_Creation_ValidateProjectDetails -->
  <testcase classname="com.arc.testCases.ProjectRegistrationPageTest" name="Transit_WeightedDailyOccupancy_Validation">
    <skipped/>
  </testcase> <!-- Transit_WeightedDailyOccupancy_Validation -->
  <testcase classname="com.arc.testCases.ProjectRegistrationPageTest" name="Parking_AutoPopulate_Address_City_Country_State_ZipCode">
    <skipped/>
  </testcase> <!-- Parking_AutoPopulate_Address_City_Country_State_ZipCode -->
  <testcase classname="com.arc.testCases.ProjectRegistrationPageTest" name="Transit_AG_Leed_Project_Creation">
    <skipped/>
  </testcase> <!-- Transit_AG_Leed_Project_Creation -->
  <testcase classname="com.arc.testCases.ProjectRegistrationPageTest" name="ProjectRegistration_ProjectType_Buildings_Value">
    <skipped/>
  </testcase> <!-- ProjectRegistration_ProjectType_Buildings_Value -->
  <testcase classname="com.arc.testCases.ProjectRegistrationPageTest" name="Community_Agreement_AddButtonEnabled">
    <skipped/>
  </testcase> <!-- Community_Agreement_AddButtonEnabled -->
  <testcase classname="com.arc.testCases.ProjectRegistrationPageTest" name="ProjectRegistration_LEED_Regis_Redirects_LeedOnlineportal">
    <skipped/>
  </testcase> <!-- ProjectRegistration_LEED_Regis_Redirects_LeedOnlineportal -->
  <testcase classname="com.arc.testCases.ProjectRegistrationPageTest" name="Transit_GrossArea_Valid_SQ_FT">
    <skipped/>
  </testcase> <!-- Transit_GrossArea_Valid_SQ_FT -->
  <testcase classname="com.arc.testCases.ProjectRegistrationPageTest" name="ProjectRegistration_CommunityGrossArea_Invalid_50001_SQ_KM">
    <skipped/>
  </testcase> <!-- ProjectRegistration_CommunityGrossArea_Invalid_50001_SQ_KM -->
  <testcase classname="com.arc.testCases.ProjectRegistrationPageTest" name="Communities_Project_Creation_Opens_Performance_Screen">
    <skipped/>
  </testcase> <!-- Communities_Project_Creation_Opens_Performance_Screen -->
  <testcase classname="com.arc.testCases.ProjectRegistrationPageTest" name="ProjectRegistration_CityGrossArea_Invalid_50001_SQ_KM">
    <skipped/>
  </testcase> <!-- ProjectRegistration_CityGrossArea_Invalid_50001_SQ_KM -->
  <testcase classname="com.arc.testCases.ProjectRegistrationPageTest" name="Transit_AG_Non_Leed_Project_Creation">
    <skipped/>
  </testcase> <!-- Transit_AG_Non_Leed_Project_Creation -->
  <testcase classname="com.arc.testCases.ProjectRegistrationPageTest" name="Transit_UG_Non_Leed_Project_Creation">
    <skipped/>
  </testcase> <!-- Transit_UG_Non_Leed_Project_Creation -->
  <testcase classname="com.arc.testCases.ProjectRegistrationPageTest" name="Transit_FulltimeStaff_Invalid">
    <skipped/>
  </testcase> <!-- Transit_FulltimeStaff_Invalid -->
  <testcase classname="com.arc.testCases.ProjectRegistrationPageTest" name="Parking_Space_Invalid">
    <skipped/>
  </testcase> <!-- Parking_Space_Invalid -->
  <testcase classname="com.arc.testCases.ProjectRegistrationPageTest" name="Parking_GrossArea_Invalid_SQ_FT">
    <skipped/>
  </testcase> <!-- Parking_GrossArea_Invalid_SQ_FT -->
  <testcase classname="com.arc.testCases.ProjectRegistrationPageTest" name="Buildings_Project_Creation_Opens_Overview_Screen">
    <skipped/>
  </testcase> <!-- Buildings_Project_Creation_Opens_Overview_Screen -->
  <testcase classname="com.arc.testCases.ProjectRegistrationPageTest" name="Parking_ProjectType_Parking_Value">
    <skipped/>
  </testcase> <!-- Parking_ProjectType_Parking_Value -->
  <testcase classname="com.arc.testCases.ProjectRegistrationPageTest" name="ProjectRegistration_CommunityGrossArea_Valid_50000_SQ_KM">
    <skipped/>
  </testcase> <!-- ProjectRegistration_CommunityGrossArea_Valid_50000_SQ_KM -->
  <testcase classname="com.arc.testCases.ProjectRegistrationPageTest" name="ProjectRegistration_BuildingsGrossArea_Valid_1904514_SQ_MT">
    <skipped/>
  </testcase> <!-- ProjectRegistration_BuildingsGrossArea_Valid_1904514_SQ_MT -->
  <testcase classname="com.arc.testCases.ProjectRegistrationPageTest" name="Transit_Weekly_Operating_Hrs_Is_Whole_Num">
    <skipped/>
  </testcase> <!-- Transit_Weekly_Operating_Hrs_Is_Whole_Num -->
  <testcase classname="com.arc.testCases.ProjectRegistrationPageTest" name="Transit_AutoPopulate_Latitude_Longitude">
    <skipped/>
  </testcase> <!-- Transit_AutoPopulate_Latitude_Longitude -->
  <testcase classname="com.arc.testCases.ProjectRegistrationPageTest" name="Transit_AG_Leed_PivateProject_Creation">
    <skipped/>
  </testcase> <!-- Transit_AG_Leed_PivateProject_Creation -->
  <testcase classname="com.arc.testCases.ProjectRegistrationPageTest" name="Parking_GrossArea_Valid_SQ_MT">
    <skipped/>
  </testcase> <!-- Parking_GrossArea_Valid_SQ_MT -->
  <testcase classname="com.arc.testCases.ProjectRegistrationPageTest" name="Transit_AnnualRidership_Invalid">
    <skipped/>
  </testcase> <!-- Transit_AnnualRidership_Invalid -->
  <testcase classname="com.arc.testCases.ProjectRegistrationPageTest" name="ProjectRegistration_Check_AddButton_Disabled">
    <skipped/>
  </testcase> <!-- ProjectRegistration_Check_AddButton_Disabled -->
  <testcase classname="com.arc.testCases.ProjectRegistrationPageTest" name="Parking_DateCommisioned_Open_Calendar">
    <skipped/>
  </testcase> <!-- Parking_DateCommisioned_Open_Calendar -->
  <testcase classname="com.arc.testCases.ProjectRegistrationPageTest" name="Parking_Registered_TestProject_Creation">
    <skipped/>
  </testcase> <!-- Parking_Registered_TestProject_Creation -->
  <testcase classname="com.arc.testCases.ProjectRegistrationPageTest" name="ProjectRegistration_CityGrossArea_Valid_19305_SQ_Miles">
    <skipped/>
  </testcase> <!-- ProjectRegistration_CityGrossArea_Valid_19305_SQ_Miles -->
  <testcase classname="com.arc.testCases.ProjectRegistrationPageTest" name="ProjectRegistration_CityGrossArea_Invalid_19306_SQ_Miles">
    <skipped/>
  </testcase> <!-- ProjectRegistration_CityGrossArea_Invalid_19306_SQ_Miles -->
  <testcase classname="com.arc.testCases.ProjectRegistrationPageTest" name="Community_Populate_Latitude_Longitude">
    <skipped/>
  </testcase> <!-- Community_Populate_Latitude_Longitude -->
  <testcase classname="com.arc.testCases.ProjectRegistrationPageTest" name="Buildings_TestProject_Creation">
    <skipped/>
  </testcase> <!-- Buildings_TestProject_Creation -->
  <testcase classname="com.arc.testCases.ProjectRegistrationPageTest" name="Community_LEED_Regis_Shows_RegisterforLEEDcertification_NotNow">
    <skipped/>
  </testcase> <!-- Community_LEED_Regis_Shows_RegisterforLEEDcertification_NotNow -->
  <testcase classname="com.arc.testCases.ProjectRegistrationPageTest" name="Transit_WeeklyOperatingHrs_Invalid">
    <skipped/>
  </testcase> <!-- Transit_WeeklyOperatingHrs_Invalid -->
  <testcase classname="com.arc.testCases.ProjectRegistrationPageTest" name="Community_LEED_Registration_Yes_CheckMessage">
    <skipped/>
  </testcase> <!-- Community_LEED_Registration_Yes_CheckMessage -->
  <testcase classname="com.arc.testCases.ProjectRegistrationPageTest" name="Communities_TestProject_Creation">
    <skipped/>
  </testcase> <!-- Communities_TestProject_Creation -->
  <testcase classname="com.arc.testCases.ProjectRegistrationPageTest" name="ProjectRegistration_LEED_Registration_Not_Now_Test">
    <skipped/>
  </testcase> <!-- ProjectRegistration_LEED_Registration_Not_Now_Test -->
  <testcase classname="com.arc.testCases.ProjectRegistrationPageTest" name="Parking_Level_Validation">
    <skipped/>
  </testcase> <!-- Parking_Level_Validation -->
  <testcase classname="com.arc.testCases.ProjectRegistrationPageTest" name="ProjectType_Transit_Value_Validation">
    <skipped/>
  </testcase> <!-- ProjectType_Transit_Value_Validation -->
  <testcase classname="com.arc.testCases.ProjectRegistrationPageTest" name="Community_Download_Service_Agreement">
    <skipped/>
  </testcase> <!-- Community_Download_Service_Agreement -->
  <testcase classname="com.arc.testCases.ProjectRegistrationPageTest" name="Transit_UG_Leed_Project_Creation">
    <skipped/>
  </testcase> <!-- Transit_UG_Leed_Project_Creation -->
  <testcase classname="com.arc.testCases.ProjectRegistrationPageTest" name="Parking_OwnerOrganization_AutoSuggestion">
    <skipped/>
  </testcase> <!-- Parking_OwnerOrganization_AutoSuggestion -->
  <testcase classname="com.arc.testCases.ProjectRegistrationPageTest" name="Transit_UG_Leed_PrivateProject_Creation">
    <skipped/>
  </testcase> <!-- Transit_UG_Leed_PrivateProject_Creation -->
  <testcase classname="com.arc.testCases.ProjectRegistrationPageTest" name="ProjectRegistration_InvalidEmailCheck">
    <skipped/>
  </testcase> <!-- ProjectRegistration_InvalidEmailCheck -->
  <testcase classname="com.arc.testCases.ProjectRegistrationPageTest" name="Parking_Project_Is_Private_Creation">
    <skipped/>
  </testcase> <!-- Parking_Project_Is_Private_Creation -->
  <testcase classname="com.arc.testCases.ProjectRegistrationPageTest" name="ProjectRegistration_BuildingsGrossArea_Valid_20499999_SQ_Feet">
    <skipped/>
  </testcase> <!-- ProjectRegistration_BuildingsGrossArea_Valid_20499999_SQ_Feet -->
  <testcase classname="com.arc.testCases.ProjectRegistrationPageTest" name="Community_AutoPopulate_Address_City_Country_State_Zipcode">
    <skipped/>
  </testcase> <!-- Community_AutoPopulate_Address_City_Country_State_Zipcode -->
  <testcase classname="com.arc.testCases.ProjectRegistrationPageTest" name="Community_Project_Creation_ValidateProjectDetails">
    <skipped/>
  </testcase> <!-- Community_Project_Creation_ValidateProjectDetails -->
  <testcase classname="com.arc.testCases.ProjectRegistrationPageTest" name="Parking_Owner_Type_Validation">
    <skipped/>
  </testcase> <!-- Parking_Owner_Type_Validation -->
  <testcase classname="com.arc.testCases.ProjectRegistrationPageTest" name="ProjectRegistration_LEED_Certification_NotSelectedRadioButton">
    <skipped/>
  </testcase> <!-- ProjectRegistration_LEED_Certification_NotSelectedRadioButton -->
  <testcase classname="com.arc.testCases.ProjectRegistrationPageTest" name="ProjectRegistration_ProjectLocation_AutoPopulate">
    <skipped/>
  </testcase> <!-- ProjectRegistration_ProjectLocation_AutoPopulate -->
  <testcase classname="com.arc.testCases.ProjectRegistrationPageTest" name="Parking_AutoPopulate_Latitude_Longitude">
    <skipped/>
  </testcase> <!-- Parking_AutoPopulate_Latitude_Longitude -->
  <testcase classname="com.arc.testCases.ProjectRegistrationPageTest" name="City_Project_Creation_Opens_Performance_Screen">
    <skipped/>
  </testcase> <!-- City_Project_Creation_Opens_Performance_Screen -->
  <testcase classname="com.arc.testCases.ProjectRegistrationPageTest" name="Parking_GrossArea_Valid_SQ_FT">
    <skipped/>
  </testcase> <!-- Parking_GrossArea_Valid_SQ_FT -->
  <testcase classname="com.arc.testCases.ProjectRegistrationPageTest" name="ProjectRegistration_OwnerOrganization_AutoSuggestion">
    <skipped/>
  </testcase> <!-- ProjectRegistration_OwnerOrganization_AutoSuggestion -->
  <testcase classname="com.arc.testCases.ProjectRegistrationPageTest" name="City_NonLEEDProject_Creation">
    <skipped/>
  </testcase> <!-- City_NonLEEDProject_Creation -->
  <testcase classname="com.arc.testCases.ProjectRegistrationPageTest" name="Communities_Project_Is_Private_Creation">
    <skipped/>
  </testcase> <!-- Communities_Project_Is_Private_Creation -->
  <testcase classname="com.arc.testCases.ProjectRegistrationPageTest" name="Buildings_Project_Is_Private_Creation">
    <skipped/>
  </testcase> <!-- Buildings_Project_Is_Private_Creation -->
  <testcase classname="com.arc.testCases.ProjectRegistrationPageTest" name="Transit_GrossArea_Valid_SQ_MT">
    <skipped/>
  </testcase> <!-- Transit_GrossArea_Valid_SQ_MT -->
  <testcase classname="com.arc.testCases.ProjectRegistrationPageTest" name="Parking_Project_Creation_Opens_AllMeasures_Screen">
    <skipped/>
  </testcase> <!-- Parking_Project_Creation_Opens_AllMeasures_Screen -->
  <testcase classname="com.arc.testCases.ProjectRegistrationPageTest" name="Transit_Download_Service_Agreement">
    <skipped/>
  </testcase> <!-- Transit_Download_Service_Agreement -->
  <testcase classname="com.arc.testCases.ProjectRegistrationPageTest" name="Transit_Agreement_Check_AddButtonEnabled">
    <skipped/>
  </testcase> <!-- Transit_Agreement_Check_AddButtonEnabled -->
  <testcase classname="com.arc.testCases.ProjectRegistrationPageTest" name="Parking_Owner_Region_Validation">
    <skipped/>
  </testcase> <!-- Parking_Owner_Region_Validation -->
  <testcase classname="com.arc.testCases.ProjectRegistrationPageTest" name="Parking_GrossArea_Invalid_SQ_MT">
    <skipped/>
  </testcase> <!-- Parking_GrossArea_Invalid_SQ_MT -->
  <testcase classname="com.arc.testCases.ProjectRegistrationPageTest" name="ProjectRegistration_BuildingsGrossArea_Invalid_1904515_SQ_MT">
    <skipped/>
  </testcase> <!-- ProjectRegistration_BuildingsGrossArea_Invalid_1904515_SQ_MT -->
  <testcase classname="com.arc.testCases.ProjectRegistrationPageTest" name="Transit_Fulltime_Staff_Is_Whole_Num">
    <skipped/>
  </testcase> <!-- Transit_Fulltime_Staff_Is_Whole_Num -->
  <testcase classname="com.arc.testCases.ProjectRegistrationPageTest" name="Transit_GrossArea_Invalid_SQ_MT">
    <skipped/>
  </testcase> <!-- Transit_GrossArea_Invalid_SQ_MT -->
  <testcase classname="com.arc.testCases.ProjectRegistrationPageTest" name="ProjectRegistration_CityGrossArea_Valid_50000_SQ_KM">
    <skipped/>
  </testcase> <!-- ProjectRegistration_CityGrossArea_Valid_50000_SQ_KM -->
  <testcase classname="com.arc.testCases.ProjectRegistrationPageTest" name="Transit_AutoPopulate_Address_City_Country_State_ZipCode">
    <skipped/>
  </testcase> <!-- Transit_AutoPopulate_Address_City_Country_State_ZipCode -->
  <testcase classname="com.arc.testCases.ProjectRegistrationPageTest" name="Community_LEED_Registration_Not_Now_Test">
    <skipped/>
  </testcase> <!-- Community_LEED_Registration_Not_Now_Test -->
  <testcase classname="com.arc.testCases.ProjectRegistrationPageTest" name="Parking_Owner_Email_Validation">
    <skipped/>
  </testcase> <!-- Parking_Owner_Email_Validation -->
  <testcase classname="com.arc.testCases.ProjectRegistrationPageTest" name="Community_LEED_Regis_Redirects_LeedOnlineportal">
    <skipped/>
  </testcase> <!-- Community_LEED_Regis_Redirects_LeedOnlineportal -->
  <testcase classname="com.arc.testCases.ProjectRegistrationPageTest" name="Parking_Space_Is_Whole_Number">
    <skipped/>
  </testcase> <!-- Parking_Space_Is_Whole_Number -->
  <testcase classname="com.arc.testCases.ProjectRegistrationPageTest" name="Transit_AvgTimeSpent_Invalid">
    <skipped/>
  </testcase> <!-- Transit_AvgTimeSpent_Invalid -->
  <testcase classname="com.arc.testCases.ProjectRegistrationPageTest" name="ProjectRegistration_LEED_Registration_Yes_CheckMessage">
    <skipped/>
  </testcase> <!-- ProjectRegistration_LEED_Registration_Yes_CheckMessage -->
  <testcase classname="com.arc.testCases.ProjectRegistrationPageTest" name="Parking_Download_Service_Agreement">
    <skipped/>
  </testcase> <!-- Parking_Download_Service_Agreement -->
  <testcase classname="com.arc.testCases.ProjectRegistrationPageTest" name="Parking_Unregistered_TestProject_Creation">
    <skipped/>
  </testcase> <!-- Parking_Unregistered_TestProject_Creation -->
  <testcase classname="com.arc.testCases.ProjectRegistrationPageTest" name="ProjectRegistration_CommunityLEED_Certification_NotSelectedRadioButton">
    <skipped/>
  </testcase> <!-- ProjectRegistration_CommunityLEED_Certification_NotSelectedRadioButton -->
  <testcase classname="com.arc.testCases.ProjectRegistrationPageTest" name="ProjectRegistration_Download_Service_Agreement">
    <skipped/>
  </testcase> <!-- ProjectRegistration_Download_Service_Agreement -->
  <testcase classname="com.arc.testCases.ProjectRegistrationPageTest" name="ProjectRegistration_ProjectType_City_Value">
    <skipped/>
  </testcase> <!-- ProjectRegistration_ProjectType_City_Value -->
  <testcase classname="com.arc.testCases.ProjectRegistrationPageTest" name="Community_ProjectType_Communities_Value">
    <skipped/>
  </testcase> <!-- Community_ProjectType_Communities_Value -->
  <testcase classname="com.arc.testCases.ProjectRegistrationPageTest" name="City_Project_Is_Private_Creation">
    <skipped/>
  </testcase> <!-- City_Project_Is_Private_Creation -->
  <testcase classname="com.arc.testCases.ProjectRegistrationPageTest" name="ProjectRegistration_CommunityGrossArea_Valid_19305_SQ_Miles">
    <skipped/>
  </testcase> <!-- ProjectRegistration_CommunityGrossArea_Valid_19305_SQ_Miles -->
  <testcase classname="com.arc.testCases.ProjectRegistrationPageTest" name="Communities_NonLEEDProject_Creation">
    <skipped/>
  </testcase> <!-- Communities_NonLEEDProject_Creation -->
  <testcase classname="com.arc.testCases.ProjectRegistrationPageTest" name="ProjectRegistration_AutoPopulate_Latitude_Longitude">
    <skipped/>
  </testcase> <!-- ProjectRegistration_AutoPopulate_Latitude_Longitude -->
  <testcase classname="com.arc.testCases.ProjectRegistrationPageTest" name="Transit_Annual_RiderShip_Is_Whole_Num">
    <skipped/>
  </testcase> <!-- Transit_Annual_RiderShip_Is_Whole_Num -->
  <testcase classname="com.arc.testCases.ProjectRegistrationPageTest" name="Parking_Agreement_Check_AddButtonEnabled">
    <skipped/>
  </testcase> <!-- Parking_Agreement_Check_AddButtonEnabled -->
  <testcase classname="com.arc.testCases.ProjectRegistrationPageTest" name="ProjectRegistration_BuildingsGrossArea_Invalid_20500000_SQ_Feet">
    <skipped/>
  </testcase> <!-- ProjectRegistration_BuildingsGrossArea_Invalid_20500000_SQ_Feet -->
  <testcase classname="com.arc.testCases.ProjectRegistrationPageTest" name="Transit_GrossArea_Invalid_SQ_FT">
    <skipped/>
  </testcase> <!-- Transit_GrossArea_Invalid_SQ_FT -->
  <testcase classname="com.arc.testCases.ProjectRegistrationPageTest" name="ProjectRegistration_Agreement_Check_AddButtonEnabled">
    <skipped/>
  </testcase> <!-- ProjectRegistration_Agreement_Check_AddButtonEnabled -->
  <testcase classname="com.arc.testCases.ProjectRegistrationPageTest" name="City_TestProject_Creation">
    <skipped/>
  </testcase> <!-- City_TestProject_Creation -->
  <testcase classname="com.arc.testCases.ProjectRegistrationPageTest" name="ProjectRegistration_CommunityGrossArea_Invalid_19306_SQ_Miles">
    <skipped/>
  </testcase> <!-- ProjectRegistration_CommunityGrossArea_Invalid_19306_SQ_Miles -->
  <testcase classname="com.arc.testCases.ProjectRegistrationPageTest" name="Buildings_Project_Creation_NonLEEDID">
    <skipped/>
  </testcase> <!-- Buildings_Project_Creation_NonLEEDID -->
  <testcase classname="com.arc.testCases.ProjectRegistrationPageTest" name="ProjectRegistration_AutoPopulate_Address_City_Country_State_ZipCode">
    <skipped/>
  </testcase> <!-- ProjectRegistration_AutoPopulate_Address_City_Country_State_ZipCode -->
  <testcase classname="com.arc.testCases.ProjectRegistrationPageTest" name="Transit_Avg_Time_Spent_Whole_Num">
    <skipped/>
  </testcase> <!-- Transit_Avg_Time_Spent_Whole_Num -->
</testsuite> <!-- com.arc.testCases.ProjectRegistrationPageTest -->
