<?xml version="1.0" encoding="UTF-8"?>
<!-- Generated by org.testng.reporters.JUnitReportReporter -->
<testsuite ignored="21" hostname="G10GGNLT065" failures="0" tests="1" name="com.arc.testCases.LoginPageTest" time="23.665" errors="0" timestamp="22 Jun 2021 23:43:19 GMT" skipped="0">
  <testcase classname="com.arc.testCases.LoginPageTest" name="Login_ApplicationTest" time="23.665"/>
  <testcase classname="com.arc.testCases.HomePageTest" name="Check_Add_A_Project">
    <skipped/>
  </testcase> <!-- Check_Add_A_Project -->
  <testcase classname="com.arc.testBase.BaseClass" name="initializtion">
    <skipped/>
  </testcase> <!-- initializtion -->
  <testcase classname="com.arc.testBase.BaseClass" name="initializtion">
    <skipped/>
  </testcase> <!-- initializtion -->
  <testcase classname="com.arc.testBase.BaseClass" name="initializtion">
    <skipped/>
  </testcase> <!-- initializtion -->
  <testcase classname="com.arc.testBase.BaseClass" name="initializtion">
    <skipped/>
  </testcase> <!-- initializtion -->
  <testcase classname="com.arc.testBase.BaseClass" name="initializtion">
    <skipped/>
  </testcase> <!-- initializtion -->
  <testcase classname="com.arc.testBase.BaseClass" name="initializtion">
    <skipped/>
  </testcase> <!-- initializtion -->
  <testcase classname="com.arc.testBase.BaseClass" name="initializtion">
    <skipped/>
  </testcase> <!-- initializtion -->
  <testcase classname="com.arc.testBase.BaseClass" name="closeBrowser">
    <skipped/>
  </testcase> <!-- closeBrowser -->
  <testcase classname="com.arc.testBase.BaseClass" name="closeBrowser">
    <skipped/>
  </testcase> <!-- closeBrowser -->
  <testcase classname="com.arc.testBase.BaseClass" name="closeBrowser">
    <skipped/>
  </testcase> <!-- closeBrowser -->
  <testcase classname="com.arc.testBase.BaseClass" name="closeBrowser">
    <skipped/>
  </testcase> <!-- closeBrowser -->
  <testcase classname="com.arc.testBase.BaseClass" name="closeBrowser">
    <skipped/>
  </testcase> <!-- closeBrowser -->
  <testcase classname="com.arc.testBase.BaseClass" name="closeBrowser">
    <skipped/>
  </testcase> <!-- closeBrowser -->
  <testcase classname="com.arc.testBase.BaseClass" name="closeBrowser">
    <skipped/>
  </testcase> <!-- closeBrowser -->
  <testcase classname="com.arc.testCases.Project.CityPageTest" name="City_ProjectSetting_ProjectArea_Add_Row">
    <skipped/>
  </testcase> <!-- City_ProjectSetting_ProjectArea_Add_Row -->
  <testcase classname="com.arc.testCases.Project.CityPageTest" name="City_DI_ProjectSetting_Population_Add_Row">
    <skipped/>
  </testcase> <!-- City_DI_ProjectSetting_Population_Add_Row -->
  <testcase classname="com.arc.testCases.Project.CityPageTest" name="City_Population_Field_Comma_Display">
    <skipped/>
  </testcase> <!-- City_Population_Field_Comma_Display -->
  <testcase classname="com.arc.testCases.Project.CityPageTest" name="City_AddRowInEnergy">
    <skipped/>
  </testcase> <!-- City_AddRowInEnergy -->
  <testcase classname="com.arc.testCases.Project.CityPageTest" name="City_Project_Area_GrossArea_SquareMiles_Display">
    <skipped/>
  </testcase> <!-- City_Project_Area_GrossArea_SquareMiles_Display -->
  <testcase classname="com.arc.testCases.Project.CityPageTest" name="City_ProjectSetting_Population_Save_Row_DecadeCalender_Display">
    <skipped/>
  </testcase> <!-- City_ProjectSetting_Population_Save_Row_DecadeCalender_Display -->
</testsuite> <!-- com.arc.testCases.LoginPageTest -->
