<?xml version="1.0" encoding="UTF-8"?>
<!-- Generated by org.testng.reporters.JUnitReportReporter -->
<testsuite hostname="LAPTOP-FV5T2F4P" failures="0" tests="2" name="com.arc.testCases.LoginPageTest" time="50.607" errors="0" timestamp="2021-05-19T18:43:20 IST" skipped="1">
  <testcase classname="com.arc.testCases.LoginPageTest" name="LoginIntoApplicationTest" time="50.607"/>
  <system-out/>
  <testcase classname="com.arc.testCases.LoginPageTest" name="LoginPageTitleTest">
    <skipped/>
  </testcase> <!-- LoginPageTitleTest -->
  <system-out/>
</testsuite> <!-- com.arc.testCases.LoginPageTest -->
