<?xml version="1.0" encoding="UTF-8"?>
<!-- Generated by org.testng.reporters.JUnitReportReporter -->
<testsuite ignored="1" hostname="G10GGNLT065" failures="0" tests="1" name="com.arc.testCases.Building.ProjectPageTest" time="0.000" errors="0" timestamp="25 May 2021 04:00:52 GMT" skipped="1">
  <testcase classname="com.arc.testCases.Building.ProjectPageTest" name="CheckProjectListing" time="0.000">
    <skipped/>
  </testcase> <!-- CheckProjectListing -->
  <testcase classname="com.arc.testCases.LoginPageTest" name="LoginPageTitleTest">
    <skipped/>
  </testcase> <!-- LoginPageTitleTest -->
</testsuite> <!-- com.arc.testCases.Building.ProjectPageTest -->
