<?xml version="1.0" encoding="UTF-8"?>
<!-- Generated by org.testng.reporters.JUnitReportReporter -->
<testsuite ignored="26" hostname="G10GGNLT065" failures="0" tests="1" name="com.arc.testCases.HomePageTest" time="0.718" errors="0" timestamp="28 Jun 2021 03:32:18 GMT" skipped="0">
  <testcase classname="com.arc.testCases.HomePageTest" name="Check_Add_A_Project" time="0.718"/>
  <testcase classname="com.arc.testBase.BaseClass" name="initializtion">
    <skipped/>
  </testcase> <!-- initializtion -->
  <testcase classname="com.arc.testBase.BaseClass" name="initializtion">
    <skipped/>
  </testcase> <!-- initializtion -->
  <testcase classname="com.arc.testBase.BaseClass" name="initializtion">
    <skipped/>
  </testcase> <!-- initializtion -->
  <testcase classname="com.arc.testBase.BaseClass" name="closeBrowser">
    <skipped/>
  </testcase> <!-- closeBrowser -->
  <testcase classname="com.arc.testBase.BaseClass" name="closeBrowser">
    <skipped/>
  </testcase> <!-- closeBrowser -->
  <testcase classname="com.arc.testBase.BaseClass" name="closeBrowser">
    <skipped/>
  </testcase> <!-- closeBrowser -->
  <testcase classname="com.arc.testCases.ProjectRegistrationPageTest" name="City_Agreement_Check_AddButtonEnabled">
    <skipped/>
  </testcase> <!-- City_Agreement_Check_AddButtonEnabled -->
  <testcase classname="com.arc.testCases.ProjectRegistrationPageTest" name="ProjectName_With_Valid_SpecialCharacters">
    <skipped/>
  </testcase> <!-- ProjectName_With_Valid_SpecialCharacters -->
  <testcase classname="com.arc.testCases.ProjectRegistrationPageTest" name="City_GrossArea_Invalid_50001_SQ_KM">
    <skipped/>
  </testcase> <!-- City_GrossArea_Invalid_50001_SQ_KM -->
  <testcase classname="com.arc.testCases.ProjectRegistrationPageTest" name="City_GrossArea_Invalid_19306_SQ_Miles">
    <skipped/>
  </testcase> <!-- City_GrossArea_Invalid_19306_SQ_Miles -->
  <testcase classname="com.arc.testCases.ProjectRegistrationPageTest" name="City_LEED_Registration_Yes_CheckMessage">
    <skipped/>
  </testcase> <!-- City_LEED_Registration_Yes_CheckMessage -->
  <testcase classname="com.arc.testCases.ProjectRegistrationPageTest" name="City_Test">
    <skipped/>
  </testcase> <!-- City_Test -->
  <testcase classname="com.arc.testCases.ProjectRegistrationPageTest" name="City_GrossArea_Valid_50000_SQ_KM">
    <skipped/>
  </testcase> <!-- City_GrossArea_Valid_50000_SQ_KM -->
  <testcase classname="com.arc.testCases.ProjectRegistrationPageTest" name="ProjectName_With_Invalid_SpecialCharacters">
    <skipped/>
  </testcase> <!-- ProjectName_With_Invalid_SpecialCharacters -->
  <testcase classname="com.arc.testCases.ProjectRegistrationPageTest" name="City_Download_Service_Agreement">
    <skipped/>
  </testcase> <!-- City_Download_Service_Agreement -->
  <testcase classname="com.arc.testCases.ProjectRegistrationPageTest" name="City_GrossArea_Valid_19305_SQ_Miles">
    <skipped/>
  </testcase> <!-- City_GrossArea_Valid_19305_SQ_Miles -->
  <testcase classname="com.arc.testCases.HomePageTest" name="EssentialUser_Download_Invoice">
    <skipped/>
  </testcase> <!-- EssentialUser_Download_Invoice -->
  <testcase classname="com.arc.testCases.HomePageTest" name="Logout_Test">
    <skipped/>
  </testcase> <!-- Logout_Test -->
  <testcase classname="com.arc.testCases.Project.CityPageTest" name="City_Agreement_Display">
    <skipped/>
  </testcase> <!-- City_Agreement_Display -->
  <testcase classname="com.arc.testCases.Project.CityPageTest" name="City_ProjectSetting_Population_UpdatedBy_Test">
    <skipped/>
  </testcase> <!-- City_ProjectSetting_Population_UpdatedBy_Test -->
  <testcase classname="com.arc.testCases.Project.CityPageTest" name="City_Agreement_Download">
    <skipped/>
  </testcase> <!-- City_Agreement_Download -->
  <testcase classname="com.arc.testCases.Project.CityPageTest" name="City_Team_Delete_Member">
    <skipped/>
  </testcase> <!-- City_Team_Delete_Member -->
  <testcase classname="com.arc.testCases.Project.CityPageTest" name="City_ProjectSetting_Population_Remarks_Activity_Test">
    <skipped/>
  </testcase> <!-- City_ProjectSetting_Population_Remarks_Activity_Test -->
  <testcase classname="com.arc.testCases.Project.CityPageTest" name="City_LEEDIDProject_Download_Invoice">
    <skipped/>
  </testcase> <!-- City_LEEDIDProject_Download_Invoice -->
  <testcase classname="com.arc.testCases.Project.CityPageTest" name="City_Team_Add_Member">
    <skipped/>
  </testcase> <!-- City_Team_Add_Member -->
  <testcase classname="com.arc.testCases.Project.CityPageTest" name="City_AddRowInEnergy">
    <skipped/>
  </testcase> <!-- City_AddRowInEnergy -->
</testsuite> <!-- com.arc.testCases.HomePageTest -->
