<?xml version="1.0" encoding="UTF-8"?>
<!-- Generated by org.testng.reporters.JUnitReportReporter -->
<testsuite ignored="17" hostname="G10GGNLT065" failures="0" tests="5" name="com.arc.testCases.Project.BuildingPageTest" time="120.710" errors="0" timestamp="03 Jun 2021 09:54:35 GMT" skipped="0">
  <testcase classname="com.arc.testCases.Project.BuildingPageTest" name="Building_Agreement_Display" time="13.414"/>
  <testcase classname="com.arc.testCases.Project.BuildingPageTest" name="Building_Agreement_Download" time="24.146"/>
  <testcase classname="com.arc.testCases.Project.BuildingPageTest" name="Building_LEEDIDProject_Download_Invoice" time="21.895"/>
  <testcase classname="com.arc.testCases.Project.BuildingPageTest" name="Building_Recertification_Download_Invoice" time="21.651"/>
  <testcase classname="com.arc.testCases.Project.BuildingPageTest" name="Building_PerformanceCertificate_Download_Invoice_Receipt" time="39.604"/>
  <testcase classname="com.arc.testCases.Project.TransitPageTest" name="Transit_LEEDIDProject_Download_Invoice">
    <skipped/>
  </testcase> <!-- Transit_LEEDIDProject_Download_Invoice -->
  <testcase classname="com.arc.testCases.Project.TransitPageTest" name="Transit_Agreement_Download">
    <skipped/>
  </testcase> <!-- Transit_Agreement_Download -->
  <testcase classname="com.arc.testCases.Project.TransitPageTest" name="Transit_Agreement_Display">
    <skipped/>
  </testcase> <!-- Transit_Agreement_Display -->
  <testcase classname="com.arc.testBase.BaseClass" name="initializtion">
    <skipped/>
  </testcase> <!-- initializtion -->
  <testcase classname="com.arc.testBase.BaseClass" name="initializtion">
    <skipped/>
  </testcase> <!-- initializtion -->
  <testcase classname="com.arc.testBase.BaseClass" name="initializtion">
    <skipped/>
  </testcase> <!-- initializtion -->
  <testcase classname="com.arc.testBase.BaseClass" name="initializtion">
    <skipped/>
  </testcase> <!-- initializtion -->
  <testcase classname="com.arc.testBase.BaseClass" name="initializtion">
    <skipped/>
  </testcase> <!-- initializtion -->
  <testcase classname="com.arc.testBase.BaseClass" name="initializtion">
    <skipped/>
  </testcase> <!-- initializtion -->
  <testcase classname="com.arc.testBase.BaseClass" name="initializtion">
    <skipped/>
  </testcase> <!-- initializtion -->
  <testcase classname="com.arc.testBase.BaseClass" name="closeBrowser">
    <skipped/>
  </testcase> <!-- closeBrowser -->
  <testcase classname="com.arc.testBase.BaseClass" name="closeBrowser">
    <skipped/>
  </testcase> <!-- closeBrowser -->
  <testcase classname="com.arc.testBase.BaseClass" name="closeBrowser">
    <skipped/>
  </testcase> <!-- closeBrowser -->
  <testcase classname="com.arc.testBase.BaseClass" name="closeBrowser">
    <skipped/>
  </testcase> <!-- closeBrowser -->
  <testcase classname="com.arc.testBase.BaseClass" name="closeBrowser">
    <skipped/>
  </testcase> <!-- closeBrowser -->
  <testcase classname="com.arc.testBase.BaseClass" name="closeBrowser">
    <skipped/>
  </testcase> <!-- closeBrowser -->
  <testcase classname="com.arc.testBase.BaseClass" name="closeBrowser">
    <skipped/>
  </testcase> <!-- closeBrowser -->
</testsuite> <!-- com.arc.testCases.Project.BuildingPageTest -->
