<?xml version="1.0" encoding="UTF-8"?>
<!-- Generated by org.testng.reporters.JUnitReportReporter -->
<testsuite ignored="14" hostname="G10GGNLT065" failures="0" tests="4" name="com.arc.testCases.Project.SchoolPageTest" time="0.000" errors="0" timestamp="03 Jun 2021 11:12:00 GMT" skipped="4">
  <testcase classname="com.arc.testCases.Project.SchoolPageTest" name="School_LEEDProject_DownloadInvoice" time="0.000">
    <skipped/>
  </testcase> <!-- School_LEEDProject_DownloadInvoice -->
  <testcase classname="com.arc.testCases.Project.SchoolPageTest" name="School_PerformanceCertificate_Download_Invoice_Receipt" time="0.000">
    <skipped/>
  </testcase> <!-- School_PerformanceCertificate_Download_Invoice_Receipt -->
  <testcase classname="com.arc.testCases.Project.SchoolPageTest" name="School_Agreement_Display" time="0.000">
    <skipped/>
  </testcase> <!-- School_Agreement_Display -->
  <testcase classname="com.arc.testCases.Project.SchoolPageTest" name="School_Agreement_Download" time="0.000">
    <skipped/>
  </testcase> <!-- School_Agreement_Download -->
  <testcase classname="com.arc.testBase.BaseClass" name="initializtion">
    <skipped/>
  </testcase> <!-- initializtion -->
  <testcase classname="com.arc.testBase.BaseClass" name="initializtion">
    <skipped/>
  </testcase> <!-- initializtion -->
  <testcase classname="com.arc.testBase.BaseClass" name="initializtion">
    <skipped/>
  </testcase> <!-- initializtion -->
  <testcase classname="com.arc.testBase.BaseClass" name="initializtion">
    <skipped/>
  </testcase> <!-- initializtion -->
  <testcase classname="com.arc.testBase.BaseClass" name="initializtion">
    <skipped/>
  </testcase> <!-- initializtion -->
  <testcase classname="com.arc.testBase.BaseClass" name="initializtion">
    <skipped/>
  </testcase> <!-- initializtion -->
  <testcase classname="com.arc.testBase.BaseClass" name="initializtion">
    <skipped/>
  </testcase> <!-- initializtion -->
  <testcase classname="com.arc.testBase.BaseClass" name="closeBrowser">
    <skipped/>
  </testcase> <!-- closeBrowser -->
  <testcase classname="com.arc.testBase.BaseClass" name="closeBrowser">
    <skipped/>
  </testcase> <!-- closeBrowser -->
  <testcase classname="com.arc.testBase.BaseClass" name="closeBrowser">
    <skipped/>
  </testcase> <!-- closeBrowser -->
  <testcase classname="com.arc.testBase.BaseClass" name="closeBrowser">
    <skipped/>
  </testcase> <!-- closeBrowser -->
  <testcase classname="com.arc.testBase.BaseClass" name="closeBrowser">
    <skipped/>
  </testcase> <!-- closeBrowser -->
  <testcase classname="com.arc.testBase.BaseClass" name="closeBrowser">
    <skipped/>
  </testcase> <!-- closeBrowser -->
  <testcase classname="com.arc.testBase.BaseClass" name="closeBrowser">
    <skipped/>
  </testcase> <!-- closeBrowser -->
</testsuite> <!-- com.arc.testCases.Project.SchoolPageTest -->
