<?xml version="1.0" encoding="UTF-8"?>
<!-- Generated by org.testng.reporters.JUnitReportReporter -->
<testsuite ignored="17" hostname="G10GGNLT065" failures="0" tests="1" name="com.arc.testCases.LoginPageTest" time="13.312" errors="0" timestamp="03 Jun 2021 09:54:35 GMT" skipped="0">
  <testcase classname="com.arc.testCases.LoginPageTest" name="Login_ApplicationTest" time="13.312"/>
  <testcase classname="com.arc.testCases.Project.TransitPageTest" name="Transit_LEEDIDProject_Download_Invoice">
    <skipped/>
  </testcase> <!-- Transit_LEEDIDProject_Download_Invoice -->
  <testcase classname="com.arc.testCases.Project.TransitPageTest" name="Transit_Agreement_Download">
    <skipped/>
  </testcase> <!-- Transit_Agreement_Download -->
  <testcase classname="com.arc.testCases.Project.TransitPageTest" name="Transit_Agreement_Display">
    <skipped/>
  </testcase> <!-- Transit_Agreement_Display -->
  <testcase classname="com.arc.testBase.BaseClass" name="initializtion">
    <skipped/>
  </testcase> <!-- initializtion -->
  <testcase classname="com.arc.testBase.BaseClass" name="initializtion">
    <skipped/>
  </testcase> <!-- initializtion -->
  <testcase classname="com.arc.testBase.BaseClass" name="initializtion">
    <skipped/>
  </testcase> <!-- initializtion -->
  <testcase classname="com.arc.testBase.BaseClass" name="initializtion">
    <skipped/>
  </testcase> <!-- initializtion -->
  <testcase classname="com.arc.testBase.BaseClass" name="initializtion">
    <skipped/>
  </testcase> <!-- initializtion -->
  <testcase classname="com.arc.testBase.BaseClass" name="initializtion">
    <skipped/>
  </testcase> <!-- initializtion -->
  <testcase classname="com.arc.testBase.BaseClass" name="initializtion">
    <skipped/>
  </testcase> <!-- initializtion -->
  <testcase classname="com.arc.testBase.BaseClass" name="closeBrowser">
    <skipped/>
  </testcase> <!-- closeBrowser -->
  <testcase classname="com.arc.testBase.BaseClass" name="closeBrowser">
    <skipped/>
  </testcase> <!-- closeBrowser -->
  <testcase classname="com.arc.testBase.BaseClass" name="closeBrowser">
    <skipped/>
  </testcase> <!-- closeBrowser -->
  <testcase classname="com.arc.testBase.BaseClass" name="closeBrowser">
    <skipped/>
  </testcase> <!-- closeBrowser -->
  <testcase classname="com.arc.testBase.BaseClass" name="closeBrowser">
    <skipped/>
  </testcase> <!-- closeBrowser -->
  <testcase classname="com.arc.testBase.BaseClass" name="closeBrowser">
    <skipped/>
  </testcase> <!-- closeBrowser -->
  <testcase classname="com.arc.testBase.BaseClass" name="closeBrowser">
    <skipped/>
  </testcase> <!-- closeBrowser -->
</testsuite> <!-- com.arc.testCases.LoginPageTest -->
