<?xml version="1.0" encoding="UTF-8"?>
<!-- Generated by org.testng.reporters.JUnitReportReporter -->
<testsuite ignored="16" hostname="G10GGNLT065" failures="0" tests="1" name="com.arc.testCases.Project.ProjectPageTest" time="35.961" errors="0" timestamp="29 May 2021 13:55:53 GMT" skipped="0">
  <testcase classname="com.arc.testCases.Project.ProjectPageTest" name="CheckProjectListing" time="35.961"/>
  <testcase classname="com.arc.testCases.Project.TransitPageTest" name="Transit_Agreement_Download">
    <skipped/>
  </testcase> <!-- Transit_Agreement_Download -->
  <testcase classname="com.arc.testCases.Project.TransitPageTest" name="Transit_Agreement_Display">
    <skipped/>
  </testcase> <!-- Transit_Agreement_Display -->
  <testcase classname="com.arc.testCases.Project.TransitPageTest" name="Transit_Credits_Download_Upload_Document">
    <skipped/>
  </testcase> <!-- Transit_Credits_Download_Upload_Document -->
  <testcase classname="com.arc.testBase.BaseClass" name="initializtion">
    <skipped/>
  </testcase> <!-- initializtion -->
  <testcase classname="com.arc.testBase.BaseClass" name="initializtion">
    <skipped/>
  </testcase> <!-- initializtion -->
  <testcase classname="com.arc.testBase.BaseClass" name="initializtion">
    <skipped/>
  </testcase> <!-- initializtion -->
  <testcase classname="com.arc.testBase.BaseClass" name="initializtion">
    <skipped/>
  </testcase> <!-- initializtion -->
  <testcase classname="com.arc.testBase.BaseClass" name="initializtion">
    <skipped/>
  </testcase> <!-- initializtion -->
  <testcase classname="com.arc.testBase.BaseClass" name="initializtion">
    <skipped/>
  </testcase> <!-- initializtion -->
  <testcase classname="com.arc.testBase.BaseClass" name="closeBrowser">
    <skipped/>
  </testcase> <!-- closeBrowser -->
  <testcase classname="com.arc.testBase.BaseClass" name="closeBrowser">
    <skipped/>
  </testcase> <!-- closeBrowser -->
  <testcase classname="com.arc.testBase.BaseClass" name="closeBrowser">
    <skipped/>
  </testcase> <!-- closeBrowser -->
  <testcase classname="com.arc.testBase.BaseClass" name="closeBrowser">
    <skipped/>
  </testcase> <!-- closeBrowser -->
  <testcase classname="com.arc.testBase.BaseClass" name="closeBrowser">
    <skipped/>
  </testcase> <!-- closeBrowser -->
  <testcase classname="com.arc.testBase.BaseClass" name="closeBrowser">
    <skipped/>
  </testcase> <!-- closeBrowser -->
  <testcase classname="com.arc.testCases.LoginPageTest" name="LoginPageTitleTest">
    <skipped/>
  </testcase> <!-- LoginPageTitleTest -->
</testsuite> <!-- com.arc.testCases.Project.ProjectPageTest -->
