<?xml version="1.0" encoding="UTF-8"?>
<!-- Generated by org.testng.reporters.JUnitReportReporter -->
<testsuite hostname="LAPTOP-FV5T2F4P" failures="0" tests="1" name="com.arc.testCases.HomePageTest" time="49.012" errors="0" timestamp="2021-05-19T18:43:20 IST" skipped="0">
  <testcase classname="com.arc.testCases.HomePageTest" name="CheckClickOnProjectsMenu" time="49.012"/>
  <system-out/>
</testsuite> <!-- com.arc.testCases.HomePageTest -->
