<?xml version="1.0" encoding="UTF-8"?>
<!-- Generated by org.testng.reporters.JUnitReportReporter -->
<testsuite ignored="14" hostname="G10GGNLT065" failures="0" tests="5" name="com.arc.testCases.Project.TransitPageTest" time="0.000" errors="0" timestamp="03 Jun 2021 11:12:00 GMT" skipped="5">
  <testcase classname="com.arc.testCases.Project.TransitPageTest" name="Transit_CreditForm_Download_Upload_Document" time="0.000">
    <skipped/>
  </testcase> <!-- Transit_CreditForm_Download_Upload_Document -->
  <testcase classname="com.arc.testCases.Project.TransitPageTest" name="Transit_LEEDIDProject_Download_Invoice" time="0.000">
    <skipped/>
  </testcase> <!-- Transit_LEEDIDProject_Download_Invoice -->
  <testcase classname="com.arc.testCases.Project.TransitPageTest" name="Transit_Agreement_Display" time="0.000">
    <skipped/>
  </testcase> <!-- Transit_Agreement_Display -->
  <testcase classname="com.arc.testCases.Project.TransitPageTest" name="Transit_Agreement_Download" time="0.000">
    <skipped/>
  </testcase> <!-- Transit_Agreement_Download -->
  <testcase classname="com.arc.testCases.Project.TransitPageTest" name="Transit_File_Upload_Remove" time="0.000">
    <skipped/>
  </testcase> <!-- Transit_File_Upload_Remove -->
  <testcase classname="com.arc.testBase.BaseClass" name="initializtion">
    <skipped/>
  </testcase> <!-- initializtion -->
  <testcase classname="com.arc.testBase.BaseClass" name="initializtion">
    <skipped/>
  </testcase> <!-- initializtion -->
  <testcase classname="com.arc.testBase.BaseClass" name="initializtion">
    <skipped/>
  </testcase> <!-- initializtion -->
  <testcase classname="com.arc.testBase.BaseClass" name="initializtion">
    <skipped/>
  </testcase> <!-- initializtion -->
  <testcase classname="com.arc.testBase.BaseClass" name="initializtion">
    <skipped/>
  </testcase> <!-- initializtion -->
  <testcase classname="com.arc.testBase.BaseClass" name="initializtion">
    <skipped/>
  </testcase> <!-- initializtion -->
  <testcase classname="com.arc.testBase.BaseClass" name="initializtion">
    <skipped/>
  </testcase> <!-- initializtion -->
  <testcase classname="com.arc.testBase.BaseClass" name="closeBrowser">
    <skipped/>
  </testcase> <!-- closeBrowser -->
  <testcase classname="com.arc.testBase.BaseClass" name="closeBrowser">
    <skipped/>
  </testcase> <!-- closeBrowser -->
  <testcase classname="com.arc.testBase.BaseClass" name="closeBrowser">
    <skipped/>
  </testcase> <!-- closeBrowser -->
  <testcase classname="com.arc.testBase.BaseClass" name="closeBrowser">
    <skipped/>
  </testcase> <!-- closeBrowser -->
  <testcase classname="com.arc.testBase.BaseClass" name="closeBrowser">
    <skipped/>
  </testcase> <!-- closeBrowser -->
  <testcase classname="com.arc.testBase.BaseClass" name="closeBrowser">
    <skipped/>
  </testcase> <!-- closeBrowser -->
  <testcase classname="com.arc.testBase.BaseClass" name="closeBrowser">
    <skipped/>
  </testcase> <!-- closeBrowser -->
</testsuite> <!-- com.arc.testCases.Project.TransitPageTest -->
