<?xml version="1.0" encoding="UTF-8"?>
<!-- Generated by org.testng.reporters.JUnitReportReporter -->
<testsuite ignored="32" hostname="G10GGNLT065" failures="0" tests="5" name="com.arc.testCases.Project.ParkingPageTest" time="131.862" errors="0" timestamp="27 Jun 2021 14:14:27 GMT" skipped="0">
  <testcase classname="com.arc.testCases.Project.ParkingPageTest" name="Parking_Team_Delete_Member" time="31.544"/>
  <testcase classname="com.arc.testCases.Project.ParkingPageTest" name="Parking_LEEDID_Project_Download_Invoice" time="35.358"/>
  <testcase classname="com.arc.testCases.Project.ParkingPageTest" name="Parking_Agreement_Download" time="23.256"/>
  <testcase classname="com.arc.testCases.Project.ParkingPageTest" name="Parking_Agreement_Display" time="11.560"/>
  <testcase classname="com.arc.testCases.Project.ParkingPageTest" name="Parking_Team_Add_Member" time="30.144"/>
  <testcase classname="com.arc.testCases.HomePageTest" name="Check_Add_A_Project">
    <skipped/>
  </testcase> <!-- Check_Add_A_Project -->
  <testcase classname="com.arc.testBase.BaseClass" name="initializtion">
    <skipped/>
  </testcase> <!-- initializtion -->
  <testcase classname="com.arc.testBase.BaseClass" name="initializtion">
    <skipped/>
  </testcase> <!-- initializtion -->
  <testcase classname="com.arc.testBase.BaseClass" name="initializtion">
    <skipped/>
  </testcase> <!-- initializtion -->
  <testcase classname="com.arc.testBase.BaseClass" name="initializtion">
    <skipped/>
  </testcase> <!-- initializtion -->
  <testcase classname="com.arc.testBase.BaseClass" name="initializtion">
    <skipped/>
  </testcase> <!-- initializtion -->
  <testcase classname="com.arc.testBase.BaseClass" name="initializtion">
    <skipped/>
  </testcase> <!-- initializtion -->
  <testcase classname="com.arc.testBase.BaseClass" name="initializtion">
    <skipped/>
  </testcase> <!-- initializtion -->
  <testcase classname="com.arc.testBase.BaseClass" name="closeBrowser">
    <skipped/>
  </testcase> <!-- closeBrowser -->
  <testcase classname="com.arc.testBase.BaseClass" name="closeBrowser">
    <skipped/>
  </testcase> <!-- closeBrowser -->
  <testcase classname="com.arc.testBase.BaseClass" name="closeBrowser">
    <skipped/>
  </testcase> <!-- closeBrowser -->
  <testcase classname="com.arc.testBase.BaseClass" name="closeBrowser">
    <skipped/>
  </testcase> <!-- closeBrowser -->
  <testcase classname="com.arc.testBase.BaseClass" name="closeBrowser">
    <skipped/>
  </testcase> <!-- closeBrowser -->
  <testcase classname="com.arc.testBase.BaseClass" name="closeBrowser">
    <skipped/>
  </testcase> <!-- closeBrowser -->
  <testcase classname="com.arc.testBase.BaseClass" name="closeBrowser">
    <skipped/>
  </testcase> <!-- closeBrowser -->
  <testcase classname="com.arc.testCases.Project.CityPageTest" name="City_ProjectSetting_Population_UpdatedBy_Test">
    <skipped/>
  </testcase> <!-- City_ProjectSetting_Population_UpdatedBy_Test -->
  <testcase classname="com.arc.testCases.Project.CityPageTest" name="City_ProjectSetting_Population_Remarks_Activity_Test">
    <skipped/>
  </testcase> <!-- City_ProjectSetting_Population_Remarks_Activity_Test -->
  <testcase classname="com.arc.testCases.Project.CityPageTest" name="City_Energy_GHGEmission_With_DataAndDetails_Display">
    <skipped/>
  </testcase> <!-- City_Energy_GHGEmission_With_DataAndDetails_Display -->
  <testcase classname="com.arc.testCases.Project.CityPageTest" name="City_ProjectSetting_ProjectArea_Save_Row_DecadeCalender_Display">
    <skipped/>
  </testcase> <!-- City_ProjectSetting_ProjectArea_Save_Row_DecadeCalender_Display -->
  <testcase classname="com.arc.testCases.Project.CityPageTest" name="City_ProjectArea_Field_Comma_Display">
    <skipped/>
  </testcase> <!-- City_ProjectArea_Field_Comma_Display -->
  <testcase classname="com.arc.testCases.Project.CityPageTest" name="City_Energy_GHGEmission_AddYear_AddNewLine">
    <skipped/>
  </testcase> <!-- City_Energy_GHGEmission_AddYear_AddNewLine -->
  <testcase classname="com.arc.testCases.Project.CityPageTest" name="City_Energy_GHGEmission_Delete_Row">
    <skipped/>
  </testcase> <!-- City_Energy_GHGEmission_Delete_Row -->
  <testcase classname="com.arc.testCases.Project.CityPageTest" name="City_Project_Area_GrossArea_SquareMiles_Display">
    <skipped/>
  </testcase> <!-- City_Project_Area_GrossArea_SquareMiles_Display -->
  <testcase classname="com.arc.testCases.Project.CityPageTest" name="City_ProjectSetting_Population_Save_Row_DecadeCalender_Display">
    <skipped/>
  </testcase> <!-- City_ProjectSetting_Population_Save_Row_DecadeCalender_Display -->
  <testcase classname="com.arc.testCases.Project.CityPageTest" name="City_ProjectSetting_ProjectArea_Add_Row">
    <skipped/>
  </testcase> <!-- City_ProjectSetting_ProjectArea_Add_Row -->
  <testcase classname="com.arc.testCases.Project.CityPageTest" name="City_DI_ProjectSetting_Population_Add_Row">
    <skipped/>
  </testcase> <!-- City_DI_ProjectSetting_Population_Add_Row -->
  <testcase classname="com.arc.testCases.Project.CityPageTest" name="City_Population_Field_Comma_Display">
    <skipped/>
  </testcase> <!-- City_Population_Field_Comma_Display -->
  <testcase classname="com.arc.testCases.Project.CityPageTest" name="City_Energy_GHGEmission_SavePreviousYearData_CheckScore">
    <skipped/>
  </testcase> <!-- City_Energy_GHGEmission_SavePreviousYearData_CheckScore -->
  <testcase classname="com.arc.testCases.Project.CityPageTest" name="City_Energy_GHGEmission_Edit_Row">
    <skipped/>
  </testcase> <!-- City_Energy_GHGEmission_Edit_Row -->
  <testcase classname="com.arc.testCases.Project.CityPageTest" name="City_AddRowInEnergy">
    <skipped/>
  </testcase> <!-- City_AddRowInEnergy -->
  <testcase classname="com.arc.testCases.Project.TransitPageTest" name="Transit_CreditForm_Download_Upload_Document">
    <skipped/>
  </testcase> <!-- Transit_CreditForm_Download_Upload_Document -->
  <testcase classname="com.arc.testCases.Project.TransitPageTest" name="Transit_File_Upload_Remove">
    <skipped/>
  </testcase> <!-- Transit_File_Upload_Remove -->
</testsuite> <!-- com.arc.testCases.Project.ParkingPageTest -->
