<?xml version="1.0" encoding="UTF-8"?>
<!-- Generated by org.testng.reporters.JUnitReportReporter -->
<testsuite ignored="14" hostname="G10GGNLT065" failures="0" tests="1" name="com.arc.testCases.LoginPageTest" time="22.374" errors="0" timestamp="02 Jun 2021 13:01:00 GMT" skipped="0">
  <testcase classname="com.arc.testCases.LoginPageTest" name="Login_ApplicationTest" time="22.374"/>
  <testcase classname="com.arc.testBase.BaseClass" name="initializtion">
    <skipped/>
  </testcase> <!-- initializtion -->
  <testcase classname="com.arc.testBase.BaseClass" name="initializtion">
    <skipped/>
  </testcase> <!-- initializtion -->
  <testcase classname="com.arc.testBase.BaseClass" name="initializtion">
    <skipped/>
  </testcase> <!-- initializtion -->
  <testcase classname="com.arc.testBase.BaseClass" name="initializtion">
    <skipped/>
  </testcase> <!-- initializtion -->
  <testcase classname="com.arc.testBase.BaseClass" name="initializtion">
    <skipped/>
  </testcase> <!-- initializtion -->
  <testcase classname="com.arc.testBase.BaseClass" name="initializtion">
    <skipped/>
  </testcase> <!-- initializtion -->
  <testcase classname="com.arc.testBase.BaseClass" name="initializtion">
    <skipped/>
  </testcase> <!-- initializtion -->
  <testcase classname="com.arc.testBase.BaseClass" name="closeBrowser">
    <skipped/>
  </testcase> <!-- closeBrowser -->
  <testcase classname="com.arc.testBase.BaseClass" name="closeBrowser">
    <skipped/>
  </testcase> <!-- closeBrowser -->
  <testcase classname="com.arc.testBase.BaseClass" name="closeBrowser">
    <skipped/>
  </testcase> <!-- closeBrowser -->
  <testcase classname="com.arc.testBase.BaseClass" name="closeBrowser">
    <skipped/>
  </testcase> <!-- closeBrowser -->
  <testcase classname="com.arc.testBase.BaseClass" name="closeBrowser">
    <skipped/>
  </testcase> <!-- closeBrowser -->
  <testcase classname="com.arc.testBase.BaseClass" name="closeBrowser">
    <skipped/>
  </testcase> <!-- closeBrowser -->
  <testcase classname="com.arc.testBase.BaseClass" name="closeBrowser">
    <skipped/>
  </testcase> <!-- closeBrowser -->
</testsuite> <!-- com.arc.testCases.LoginPageTest -->
