<?xml version="1.0" encoding="UTF-8"?>
<!-- Generated by org.testng.reporters.JUnitReportReporter -->
<testsuite ignored="1" hostname="G10GGNLT065" failures="0" tests="2" name="com.arc.testCases.Building.BuildingPageTest" time="0.000" errors="0" timestamp="25 May 2021 04:00:52 GMT" skipped="2">
  <testcase classname="com.arc.testCases.Building.BuildingPageTest" name="CheckAgreementUnderManageAndDownLoadTest" time="0.000">
    <skipped/>
  </testcase> <!-- CheckAgreementUnderManageAndDownLoadTest -->
  <testcase classname="com.arc.testCases.Building.BuildingPageTest" name="CheckDownloadInvoiceReceiptForPerformanceCertificateTest" time="0.000">
    <skipped/>
  </testcase> <!-- CheckDownloadInvoiceReceiptForPerformanceCertificateTest -->
  <testcase classname="com.arc.testCases.LoginPageTest" name="LoginPageTitleTest">
    <skipped/>
  </testcase> <!-- LoginPageTitleTest -->
</testsuite> <!-- com.arc.testCases.Building.BuildingPageTest -->
