<?xml version="1.0" encoding="UTF-8"?>
<!-- Generated by org.testng.reporters.JUnitReportReporter -->
<testsuite ignored="31" hostname="G10GGNLT065" failures="0" tests="5" name="com.arc.testCases.ProjectRegistrationPageTest" time="62.196" errors="0" timestamp="22 Jun 2021 14:55:01 GMT" skipped="0">
  <testcase classname="com.arc.testCases.ProjectRegistrationPageTest" name="City_LEED_Regis_Shows_RegisterforLEEDcertification_NotNow" time="2.992"/>
  <testcase classname="com.arc.testCases.ProjectRegistrationPageTest" name="City_TestProject_NonLEED_Creation" time="28.309"/>
  <testcase classname="com.arc.testCases.ProjectRegistrationPageTest" name="Check_ProjectType_City_Value" time="3.758"/>
  <testcase classname="com.arc.testCases.ProjectRegistrationPageTest" name="City_AutoPopulate_Latitude_Longitude" time="15.113"/>
  <testcase classname="com.arc.testCases.ProjectRegistrationPageTest" name="City_AutoPopulate_Address_City_Country_State_ZipCode" time="12.024"/>
  <testcase classname="com.arc.testBase.BaseClass" name="initializtion">
    <skipped/>
  </testcase> <!-- initializtion -->
  <testcase classname="com.arc.testBase.BaseClass" name="initializtion">
    <skipped/>
  </testcase> <!-- initializtion -->
  <testcase classname="com.arc.testBase.BaseClass" name="initializtion">
    <skipped/>
  </testcase> <!-- initializtion -->
  <testcase classname="com.arc.testBase.BaseClass" name="closeBrowser">
    <skipped/>
  </testcase> <!-- closeBrowser -->
  <testcase classname="com.arc.testBase.BaseClass" name="closeBrowser">
    <skipped/>
  </testcase> <!-- closeBrowser -->
  <testcase classname="com.arc.testBase.BaseClass" name="closeBrowser">
    <skipped/>
  </testcase> <!-- closeBrowser -->
  <testcase classname="com.arc.testCases.ProjectRegistrationPageTest" name="City_Agreement_Check_AddButtonEnabled">
    <skipped/>
  </testcase> <!-- City_Agreement_Check_AddButtonEnabled -->
  <testcase classname="com.arc.testCases.ProjectRegistrationPageTest" name="ProjectName_With_Valid_SpecialCharacters">
    <skipped/>
  </testcase> <!-- ProjectName_With_Valid_SpecialCharacters -->
  <testcase classname="com.arc.testCases.ProjectRegistrationPageTest" name="City_GrossArea_Invalid_19306_SQ_Miles">
    <skipped/>
  </testcase> <!-- City_GrossArea_Invalid_19306_SQ_Miles -->
  <testcase classname="com.arc.testCases.ProjectRegistrationPageTest" name="City_LEED_Registration_Yes_CheckMessage">
    <skipped/>
  </testcase> <!-- City_LEED_Registration_Yes_CheckMessage -->
  <testcase classname="com.arc.testCases.ProjectRegistrationPageTest" name="City_GrossArea_Valid_50000_SQ_KM">
    <skipped/>
  </testcase> <!-- City_GrossArea_Valid_50000_SQ_KM -->
  <testcase classname="com.arc.testCases.ProjectRegistrationPageTest" name="ProjectName_With_Invalid_SpecialCharacters">
    <skipped/>
  </testcase> <!-- ProjectName_With_Invalid_SpecialCharacters -->
  <testcase classname="com.arc.testCases.ProjectRegistrationPageTest" name="City_GrossArea_Valid_19305_SQ_Miles">
    <skipped/>
  </testcase> <!-- City_GrossArea_Valid_19305_SQ_Miles -->
  <testcase classname="com.arc.testCases.ProjectRegistrationPageTest" name="City_LEED_Regis_Redirects_LeedOnlineportal">
    <skipped/>
  </testcase> <!-- City_LEED_Regis_Redirects_LeedOnlineportal -->
  <testcase classname="com.arc.testCases.ProjectRegistrationPageTest" name="City_GrossArea_Invalid_50001_SQ_KM">
    <skipped/>
  </testcase> <!-- City_GrossArea_Invalid_50001_SQ_KM -->
  <testcase classname="com.arc.testCases.ProjectRegistrationPageTest" name="City_Test">
    <skipped/>
  </testcase> <!-- City_Test -->
  <testcase classname="com.arc.testCases.ProjectRegistrationPageTest" name="City_LEED_Registration_Not_Now_Test">
    <skipped/>
  </testcase> <!-- City_LEED_Registration_Not_Now_Test -->
  <testcase classname="com.arc.testCases.ProjectRegistrationPageTest" name="City_Download_Service_Agreement">
    <skipped/>
  </testcase> <!-- City_Download_Service_Agreement -->
  <testcase classname="com.arc.testCases.ProjectRegistrationPageTest" name="City_Project_Is_Private_Creation_Opens_Performance_Screen">
    <skipped/>
  </testcase> <!-- City_Project_Is_Private_Creation_Opens_Performance_Screen -->
  <testcase classname="com.arc.testCases.HomePageTest" name="EssentialUser_Download_Invoice">
    <skipped/>
  </testcase> <!-- EssentialUser_Download_Invoice -->
  <testcase classname="com.arc.testCases.HomePageTest" name="Check_Add_A_Project">
    <skipped/>
  </testcase> <!-- Check_Add_A_Project -->
  <testcase classname="com.arc.testCases.HomePageTest" name="Logout_Test">
    <skipped/>
  </testcase> <!-- Logout_Test -->
  <testcase classname="com.arc.testCases.Project.CityPageTest" name="City_Agreement_Display">
    <skipped/>
  </testcase> <!-- City_Agreement_Display -->
  <testcase classname="com.arc.testCases.Project.CityPageTest" name="City_Agreement_Download">
    <skipped/>
  </testcase> <!-- City_Agreement_Download -->
  <testcase classname="com.arc.testCases.Project.CityPageTest" name="City_Team_Delete_Member">
    <skipped/>
  </testcase> <!-- City_Team_Delete_Member -->
  <testcase classname="com.arc.testCases.Project.CityPageTest" name="City_ProjectSetting_ProjectArea_Add_Row">
    <skipped/>
  </testcase> <!-- City_ProjectSetting_ProjectArea_Add_Row -->
  <testcase classname="com.arc.testCases.Project.CityPageTest" name="City_DI_ProjectSetting_Population_Add_Row">
    <skipped/>
  </testcase> <!-- City_DI_ProjectSetting_Population_Add_Row -->
  <testcase classname="com.arc.testCases.Project.CityPageTest" name="City_LEEDIDProject_Download_Invoice">
    <skipped/>
  </testcase> <!-- City_LEEDIDProject_Download_Invoice -->
  <testcase classname="com.arc.testCases.Project.CityPageTest" name="City_Team_Add_Member">
    <skipped/>
  </testcase> <!-- City_Team_Add_Member -->
  <testcase classname="com.arc.testCases.Project.CityPageTest" name="City_AddRowInEnergy">
    <skipped/>
  </testcase> <!-- City_AddRowInEnergy -->
  <testcase classname="com.arc.testCases.Project.CityPageTest" name="City_Project_Area_GrossArea_SquareMiles_Display">
    <skipped/>
  </testcase> <!-- City_Project_Area_GrossArea_SquareMiles_Display -->
</testsuite> <!-- com.arc.testCases.ProjectRegistrationPageTest -->
